==============================================
From adresse IP: 
Connect to server: , port: 23
Date: 2014-01-22 17:47:42
ServerType: telnet
----------------------------------------------

telnet (sitscfa)


























AIX Version 5
Copyright IBM Corporation, 1982, 2010.
login: 
> root
> 123456
*******************************************************************************
*                                                                             *
*                                                                             *
*  Welcome to AIX Version 5.3!                                                *
*                                                                             *
*                                                                             *
*  Please see the README file in /usr/lpp/bos for information pertinent to    *
*  this release of the AIX Operating System.                                  *
*                                                                             *
*                                                                             *
*******************************************************************************
Last unsuccessful login: Thu Jan 16 09:20:07 BEIST 2014 on ssh from 10.16.8.44
Last login: Wed Jan 22 17:45:27 BEIST 2014 on ftp from ::ffff:10.16.8.57

root@sitscfa:/> 
> cd /tmp/ansible
root@sitscfa:/tmp/ansible> 
> ls -l
total 270104
-rw-r--r--    1 root     system          147 Dec 03 2009  README.txt
drwxr-x---    2 root     system         4096 Jan 22 17:07 aixpack
-rw-r-----    1 root     system      1764856 Jan 22 17:45 bash-4.2-12.aix5.1.ppc.rpm
-rw-r-----    1 root     system       122731 Jan 22 17:45 bzip2-1.0.6-1.aix5.1.ppc.rpm
-rw-r-----    1 root     system      3054640 Jan 22 17:45 db4-4.7.25-2.aix5.1.ppc.rpm
-rw-r-----    1 root     system       389811 Jan 22 17:45 expat-2.1.0-1.aix5.1.ppc.rpm
-rw-r-----    1 root     system      1016700 Jan 22 17:45 fontconfig-2.10.2-1.aix5.1.ppc.rpm
-rw-r-----    1 root     system       802610 Jan 22 17:45 freetype2-2.5.2-1.aix5.1.ppc.rpm
-rw-r-----    1 root     system     17916669 Jan 22 17:45 gcc-4.8.2-1.aix5.3.ppc.rpm
-rw-r-----    1 root     system      6537679 Jan 22 17:45 gcc-c++-4.8.2-1.aix5.3.ppc.rpm
-rw-r-----    1 root     system      5829527 Jan 22 17:45 gcc-cpp-4.8.2-1.aix5.3.ppc.rpm
-rw-r-----    1 root     system      9851786 Jan 22 17:45 gcc-gfortran-4.8.2-1.aix5.3.ppc.rpm
-rw-r-----    1 root     system        79810 Jan 22 17:45 gdbm-1.10-1.aix5.1.ppc.rpm
-rw-r-----    1 root     system      2223925 Jan 22 17:45 gettext-0.17-1.aix5.1.ppc.rpm
-rw-r-----    1 root     system      8708281 Jan 22 17:45 glib2-2.38.2-1.aix5.1.ppc.rpm
-rw-r-----    1 root     system      1518681 Jan 22 17:45 gmp-5.1.3-1.aix5.1.ppc.rpm
-rw-r-----    1 root     system       262713 Jan 22 17:45 info-5.1-2.aix5.1.ppc.rpm
-rw-r-----    1 root     system        48042 Jan 22 17:45 lemon-3.8.1-1.aix5.1.ppc.rpm
-rw-r-----    1 root     system       217394 Jan 22 17:45 libXft-2.3.1-1.aix5.1.ppc.rpm
-rw-r-----    1 root     system        90446 Jan 22 17:45 libXrender-0.9.8-1.aix5.1.ppc.rpm
-rw-r-----    1 root     system       130215 Jan 22 17:45 libffi-3.0.13-1.aix5.1.ppc.rpm
-rw-r-----    1 root     system       862219 Jan 22 17:45 libgcc-4.8.2-1.aix5.3.ppc.rpm
-rw-r-----    1 root     system       500843 Jan 22 17:45 libgomp-4.8.2-1.aix5.3.ppc.rpm
-rw-r-----    1 root     system      1582858 Jan 22 17:45 libiconv-1.14-2.aix5.1.ppc.rpm
-rw-r-----    1 root     system       414917 Jan 22 17:45 libmpc-1.0.1-2.aix5.1.ppc.rpm
-rw-r-----    1 root     system      1282237 Jan 22 17:45 libpng-1.6.7-1.aix5.1.ppc.rpm
-rw-r-----    1 root     system      9628679 Jan 22 17:45 libstdc++-4.8.2-1.aix5.3.ppc.rpm
-rw-r-----    1 root     system      2620214 Jan 22 17:45 libstdc++-devel-4.8.2-1.aix5.3.ppc.rpm
-rw-r-----    1 root     system       801716 Jan 22 17:45 mpfr-3.1.2-1.aix5.1.ppc.rpm
-rw-r-----    1 root     system      5269504 Dec 03 2009  openssh.base
-rw-r-----    1 root     system       283648 Dec 03 2009  openssh.license
-rw-r-----    1 root     system       133120 Dec 03 2009  openssh.man.en_US
-rw-r-----    1 root     system        22528 Dec 03 2009  openssh.msg.CA_ES
-rw-r-----    1 root     system        22528 Dec 03 2009  openssh.msg.CS_CZ
-rw-r-----    1 root     system        23552 Dec 03 2009  openssh.msg.DE_DE
-rw-r-----    1 root     system        14336 Dec 03 2009  openssh.msg.EN_US
-rw-r-----    1 root     system        23552 Dec 03 2009  openssh.msg.ES_ES
-rw-r-----    1 root     system        17408 Dec 03 2009  openssh.msg.FR_FR
-rw-r-----    1 root     system        23552 Dec 03 2009  openssh.msg.HU_HU
-rw-r-----    1 root     system        22528 Dec 03 2009  openssh.msg.IT_IT
-rw-r-----    1 root     system        26624 Dec 03 2009  openssh.msg.JA_JP
-rw-r-----    1 root     system        21504 Dec 03 2009  openssh.msg.Ja_JP
-rw-r-----    1 root     system        22528 Dec 03 2009  openssh.msg.KO_KR
-rw-r-----    1 root     system        22528 Dec 03 2009  openssh.msg.PL_PL
-rw-r-----    1 root     system        21504 Dec 03 2009  openssh.msg.PT_BR
-rw-r-----    1 root     system        20480 Dec 03 2009  openssh.msg.RU_RU
-rw-r-----    1 root     system        22528 Dec 03 2009  openssh.msg.SK_SK
-rw-r-----    1 root     system        20480 Dec 03 2009  openssh.msg.ZH_CN
-rw-r-----    1 root     system        20480 Dec 03 2009  openssh.msg.ZH_TW
-rw-r-----    1 root     system        17408 Dec 03 2009  openssh.msg.Zh_CN
-rw-r-----    1 root     system        17408 Dec 03 2009  openssh.msg.Zh_TW
-rw-r-----    1 root     system        22528 Dec 03 2009  openssh.msg.ca_ES
-rw-r-----    1 root     system        21504 Dec 03 2009  openssh.msg.cs_CZ
-rw-r-----    1 root     system        23552 Dec 03 2009  openssh.msg.de_DE
-rw-r-----    1 root     system        14336 Dec 03 2009  openssh.msg.en_US
-rw-r-----    1 root     system        23552 Dec 03 2009  openssh.msg.es_ES
-rw-r-----    1 root     system        16384 Dec 03 2009  openssh.msg.fr_FR
-rw-r-----    1 root     system        21504 Dec 03 2009  openssh.msg.hu_HU
-rw-r-----    1 root     system        22528 Dec 03 2009  openssh.msg.it_IT
-rw-r-----    1 root     system        21504 Dec 03 2009  openssh.msg.ja_JP
-rw-r-----    1 root     system        19456 Dec 03 2009  openssh.msg.ko_KR
-rw-r-----    1 root     system        21504 Dec 03 2009  openssh.msg.pl_PL
-rw-r-----    1 root     system        15360 Dec 03 2009  openssh.msg.pt_BR
-rw-r-----    1 root     system        21504 Dec 03 2009  openssh.msg.ru_RU
-rw-r-----    1 root     system        21504 Dec 03 2009  openssh.msg.sk_SK
-rw-r-----    1 root     system        17408 Dec 03 2009  openssh.msg.zh_CN
-rw-r-----    1 root     system        17408 Dec 03 2009  openssh.msg.zh_TW
-rw-r-----    1 root     system      6440960 Jan 22 17:07 openssh_5.2p1_aix53.tar
-rw-r-----    1 root     system      5541027 Jan 22 17:45 openssh_5.2p1_aix53.tar.Z
-rw-r-----    1 root     system     18117699 Jan 22 17:45 openssl-1.0.1e-2.aix5.1.ppc.rpm
-rw-r-----    1 root     system        58496 Jan 22 17:45 pkg-config-0.28-1.aix5.1.ppc.rpm
-rw-r-----    1 root     system     14065048 Jan 22 17:45 python-2.6.8-1.aix5.1.ppc.rpm
-rw-r-----    1 root     system      1664814 Jan 22 17:45 python-libs-2.6.8-1.aix5.1.ppc.rpm
-rw-r-----    1 root     system       819025 Jan 22 17:45 readline-6.2-5.aix5.1.ppc.rpm
-rw-r-----    1 root     system        18655 Jan 22 17:45 renderproto-0.11.1-1.aix5.1.ppc.rpm
-rw-r-----    1 root     system       687649 Jan 22 17:45 sqlite-3.8.1-1.aix5.1.ppc.rpm
-rw-r-----    1 root     system      2621760 Jan 22 17:45 tcl-8.5.15-1.aix5.1.ppc.rpm
-rw-r-----    1 root     system      2361520 Jan 22 17:45 tk-8.5.15-1.aix5.1.ppc.rpm
-rw-r-----    1 root     system       777612 Jan 22 17:45 tkinter-2.6.8-1.aix5.1.ppc.rpm
-rw-r-----    1 root     system       203312 Jan 22 17:45 zlib-1.2.8-1.aix5.1.ppc.rpm
root@sitscfa:/tmp/ansible> 
> uncompress /tmp/ansible/openssh_5.2p1_aix53.tar.Z
 Couldn't find the requested : '> ', it was not in the data returned from server : 'uncompress /tmp/ansible/openssh _5.2p1 _aix53.tar.Z
Do you wish to write over the existing file /tmp/ansible/openssh_5.2p1_aix53.tar? '> tar xf openssh_5.2p1_aix53.tar
        The file is not written over.
root@sitscfa:/tmp/ansible> 
> rpm -ivh openssl-1.0.1e-2.aix5.1.ppc.rpm
package openssl-1.0.1e-2 is already installed
root@sitscfa:/tmp/ansible> 
> installp -aX -d /tmp/ansible ALL
0503-434 installp:  There are incomplete installation operations 
        on the following filesets.  Run installp -C to clean up 
        the previously failed installations before continuing.

        xlsmp.aix53.rte
root@sitscfa:/tmp/ansible> 
> cd aixpack
root@sitscfa:/tmp/ansible/aixpack> 
> installp -aX -d /tmp/ansible/aixpack ALL
0503-434 installp:  There are incomplete installation operations 
        on the following filesets.  Run installp -C to clean up 
        the previously failed installations before continuing.

        xlsmp.aix53.rte
root@sitscfa:/tmp/ansible/aixpack> 
> exit
----------------------------------------------
end of log file write
